<?xml version="1.0" encoding="UTF-8"?>
<testsuite name="com.libre311.workorder.entity.WorkOrderTest" tests="13" skipped="0" failures="0" errors="0" timestamp="2025-07-04T18:09:16" hostname="MacBookPro.attlocal.net" time="0.038">
  <properties/>
  <testcase name="testPreUpdateSetsUpdatedAt()" classname="com.libre311.workorder.entity.WorkOrderTest" time="0.003"/>
  <testcase name="testValidWorkOrder()" classname="com.libre311.workorder.entity.WorkOrderTest" time="0.003"/>
  <testcase name="testPriorityCanBeNull()" classname="com.libre311.workorder.entity.WorkOrderTest" time="0.003"/>
  <testcase name="testStatusCanBeNull()" classname="com.libre311.workorder.entity.WorkOrderTest" time="0.006"/>
  <testcase name="testAllPriorityValues()" classname="com.libre311.workorder.entity.WorkOrderTest" time="0.002"/>
  <testcase name="testTitleNotNull()" classname="com.libre311.workorder.entity.WorkOrderTest" time="0.004"/>
  <testcase name="testLibre311ServiceRequestIdNotBlank()" classname="com.libre311.workorder.entity.WorkOrderTest" time="0.002"/>
  <testcase name="testAssignedToCanBeNull()" classname="com.libre311.workorder.entity.WorkOrderTest" time="0.002"/>
  <testcase name="testPrePersistSetsCreatedAt()" classname="com.libre311.workorder.entity.WorkOrderTest" time="0.002"/>
  <testcase name="testDescriptionCanBeEmpty()" classname="com.libre311.workorder.entity.WorkOrderTest" time="0.002"/>
  <testcase name="testTitleNotBlank()" classname="com.libre311.workorder.entity.WorkOrderTest" time="0.003"/>
  <testcase name="testAllStatusValues()" classname="com.libre311.workorder.entity.WorkOrderTest" time="0.001"/>
  <testcase name="testAssignedToCanBeSet()" classname="com.libre311.workorder.entity.WorkOrderTest" time="0.002"/>
  <system-out><![CDATA[]]></system-out>
  <system-err><![CDATA[]]></system-err>
</testsuite>
