<?xml version="1.0" encoding="UTF-8"?>
<testsuite name="com.libre311.workorder.controller.WorkOrderControllerTest" tests="1" skipped="0" failures="1" errors="0" timestamp="2025-07-04T18:09:08" hostname="MacBookPro.attlocal.net" time="0.001">
  <properties/>
  <testcase name="initializationError" classname="com.libre311.workorder.controller.WorkOrderControllerTest" time="0.001">
    <failure message="io.micronaut.context.exceptions.BeanInstantiationException: Bean definition [io.micronaut.logging.PropertiesLoggingLevelsConfigurer] could not be loaded: Error instantiating bean of type  [io.micronaut.logging.PropertiesLoggingLevelsConfigurer]&#10;&#10;Message: Resource logback.xml not found&#10;Path Taken: new PropertiesLoggingLevelsConfigurer(Environment environment,List loggingSystems)" type="io.micronaut.context.exceptions.BeanInstantiationException">io.micronaut.context.exceptions.BeanInstantiationException: Bean definition [io.micronaut.logging.PropertiesLoggingLevelsConfigurer] could not be loaded: Error instantiating bean of type  [io.micronaut.logging.PropertiesLoggingLevelsConfigurer]

Message: Resource logback.xml not found
Path Taken: new PropertiesLoggingLevelsConfigurer(Environment environment,List loggingSystems)
	at app//io.micronaut.context.DefaultBeanContext.initializeContext(DefaultBeanContext.java:1980)
	at app//io.micronaut.context.DefaultApplicationContext.initializeContext(DefaultApplicationContext.java:291)
	at app//io.micronaut.context.DefaultBeanContext.readAllBeanDefinitionClasses(DefaultBeanContext.java:3322)
	at app//io.micronaut.context.DefaultBeanContext.finalizeConfiguration(DefaultBeanContext.java:3677)
	at app//io.micronaut.context.DefaultBeanContext.start(DefaultBeanContext.java:361)
	at app//io.micronaut.context.DefaultApplicationContext.start(DefaultApplicationContext.java:199)
	at app//io.micronaut.test.extensions.AbstractMicronautExtension.startApplicationContext(AbstractMicronautExtension.java:502)
	at app//io.micronaut.test.extensions.AbstractMicronautExtension.beforeClass(AbstractMicronautExtension.java:341)
	at app//io.micronaut.test.extensions.junit5.MicronautJunit5Extension.beforeAll(MicronautJunit5Extension.java:84)
	at java.base@23.0.2/java.util.ArrayList.forEach(ArrayList.java:1597)
Caused by: io.micronaut.context.exceptions.BeanInstantiationException: Error instantiating bean of type  [io.micronaut.logging.PropertiesLoggingLevelsConfigurer]

Message: Resource logback.xml not found
Path Taken: new PropertiesLoggingLevelsConfigurer(Environment environment,List loggingSystems)
	at app//io.micronaut.context.DefaultBeanContext.resolveByBeanFactory(DefaultBeanContext.java:2324)
	at app//io.micronaut.context.DefaultBeanContext.doCreateBean(DefaultBeanContext.java:2279)
	at app//io.micronaut.context.DefaultBeanContext.doCreateBean(DefaultBeanContext.java:2291)
	at app//io.micronaut.context.DefaultBeanContext.createRegistration(DefaultBeanContext.java:3054)
	at app//io.micronaut.context.SingletonScope.getOrCreate(SingletonScope.java:80)
	at app//io.micronaut.context.DefaultBeanContext.findOrCreateSingletonBeanRegistration(DefaultBeanContext.java:2956)
	at app//io.micronaut.context.DefaultBeanContext.initializeEagerBean(DefaultBeanContext.java:2676)
	at app//io.micronaut.context.DefaultBeanContext.initializeContext(DefaultBeanContext.java:1974)
	... 9 more
Caused by: io.micronaut.logging.LoggingSystemException: Resource logback.xml not found
	at app//io.micronaut.logging.impl.LogbackUtils.configure(LogbackUtils.java:109)
	at app//io.micronaut.logging.impl.LogbackUtils.configure(LogbackUtils.java:56)
	at app//io.micronaut.logging.impl.LogbackLoggingSystem.refresh(LogbackLoggingSystem.java:71)
	at java.base@23.0.2/java.util.ArrayList.forEach(ArrayList.java:1597)
	at app//io.micronaut.logging.PropertiesLoggingLevelsConfigurer.initLogging(PropertiesLoggingLevelsConfigurer.java:84)
	at app//io.micronaut.logging.PropertiesLoggingLevelsConfigurer.&lt;init&gt;(PropertiesLoggingLevelsConfigurer.java:68)
	at app//io.micronaut.logging.$PropertiesLoggingLevelsConfigurer$Definition.instantiate(Unknown Source)
	at app//io.micronaut.context.DefaultBeanContext.resolveByBeanFactory(DefaultBeanContext.java:2309)
	... 16 more
</failure>
  </testcase>
  <system-out><![CDATA[13:08:59.738 [Test worker] INFO  i.m.c.DefaultApplicationContext$RuntimeConfiguredEnvironment - Established active environments: [test]
13:08:59.820 [Test worker] INFO  com.zaxxer.hikari.HikariDataSource - HikariPool-1 - Starting...
13:08:59.848 [Test worker] INFO  o.t.utility.ImageNameSubstitutor - Image name substitution will be performed by: DefaultImageNameSubstitutor (composite of 'ConfigurationFileImageNameSubstitutor' and 'PrefixingImageNameSubstitutor')
13:08:59.961 [Test worker] INFO  o.t.d.DockerClientProviderStrategy - Loaded org.testcontainers.dockerclient.UnixSocketClientProviderStrategy from ~/.testcontainers.properties, will try it first
13:09:00.098 [Test worker] INFO  o.t.d.DockerClientProviderStrategy - Found Docker environment with local Unix socket (unix:///var/run/docker.sock)
13:09:00.099 [Test worker] INFO  o.testcontainers.DockerClientFactory - Docker host IP address is localhost
13:09:00.113 [Test worker] INFO  o.testcontainers.DockerClientFactory - Connected to docker: 
  Server Version: 28.3.0
  API Version: 1.51
  Operating System: Docker Desktop
  Total Memory: 7837 MB
13:09:00.180 [Test worker] INFO  tc.testcontainers/ryuk:0.5.1 - Creating container for image: testcontainers/ryuk:0.5.1
13:09:00.405 [Test worker] INFO  tc.testcontainers/ryuk:0.5.1 - Container testcontainers/ryuk:0.5.1 is starting: 64cca0396404ad8cb54276eb315cb2dcb1eec2a301a502c9a7077547c4b291ca
13:09:00.596 [Test worker] INFO  tc.testcontainers/ryuk:0.5.1 - Container testcontainers/ryuk:0.5.1 started in PT0.47706S
13:09:00.600 [Test worker] INFO  o.t.utility.RyukResourceReaper - Ryuk started - will monitor and terminate Testcontainers containers on JVM exit
13:09:00.600 [Test worker] INFO  o.testcontainers.DockerClientFactory - Checking the system...
13:09:00.600 [Test worker] INFO  o.testcontainers.DockerClientFactory - ✔︎ Docker server version should be at least 1.6.0
13:09:00.602 [Test worker] INFO  tc.mysql:8.0.33 - Creating container for image: mysql:8.0.33
13:09:00.655 [Test worker] INFO  tc.mysql:8.0.33 - Container mysql:8.0.33 is starting: 8385b301c4123ca9f51d726843c1b4830feb46754b571ec0262ea1479d235c6b
13:09:00.765 [Test worker] INFO  tc.mysql:8.0.33 - Waiting for database connection to become available at jdbc:mysql://localhost:59954/test using query 'SELECT 1'
13:09:07.941 [Test worker] INFO  tc.mysql:8.0.33 - Container mysql:8.0.33 started in PT7.338725S
13:09:07.941 [Test worker] INFO  tc.mysql:8.0.33 - Container is started (JDBC URL: jdbc:mysql://localhost:59954/test)
13:09:07.951 [Test worker] INFO  com.zaxxer.hikari.pool.HikariPool - HikariPool-1 - Added connection org.testcontainers.jdbc.ConnectionWrapper@7a1b8a46
13:09:07.952 [Test worker] INFO  com.zaxxer.hikari.HikariDataSource - HikariPool-1 - Start completed.
13:09:08.072 [Test worker] INFO  org.hibernate.Version - HHH000412: Hibernate ORM core version 6.2.13.Final
13:09:08.074 [Test worker] INFO  org.hibernate.cfg.Environment - HHH000406: Using bytecode reflection optimizer
13:09:08.192 [Test worker] WARN  org.hibernate.orm.deprecation - HHH90000025: MySQL8Dialect does not need to be specified explicitly using 'hibernate.dialect' (remove the property setting and it will be selected by default)
13:09:08.193 [Test worker] WARN  org.hibernate.orm.deprecation - HHH90000026: MySQL8Dialect has been deprecated; use org.hibernate.dialect.MySQLDialect instead
13:09:08.736 [Test worker] DEBUG org.hibernate.SQL - 
    drop table if exists work_orders
Hibernate: 
    drop table if exists work_orders
13:09:08.765 [Test worker] DEBUG org.hibernate.SQL - 
    create table work_orders (
        created_at datetime(6) not null,
        id bigint not null auto_increment,
        updated_at datetime(6),
        title varchar(500) not null,
        assigned_to varchar(255),
        description TEXT,
        libre311_service_request_id varchar(255) not null,
        priority enum ('HIGH','LOW','MEDIUM','URGENT') not null,
        status enum ('ASSIGNED','CANCELLED','COMPLETED','IN_PROGRESS','PENDING') not null,
        primary key (id)
    ) engine=InnoDB
Hibernate: 
    create table work_orders (
        created_at datetime(6) not null,
        id bigint not null auto_increment,
        updated_at datetime(6),
        title varchar(500) not null,
        assigned_to varchar(255),
        description TEXT,
        libre311_service_request_id varchar(255) not null,
        priority enum ('HIGH','LOW','MEDIUM','URGENT') not null,
        status enum ('ASSIGNED','CANCELLED','COMPLETED','IN_PROGRESS','PENDING') not null,
        primary key (id)
    ) engine=InnoDB
]]></system-out>
  <system-err><![CDATA[]]></system-err>
</testsuite>
