<?xml version="1.0" encoding="UTF-8"?>
<testsuite name="com.libre311.workorder.dto.DTOValidationTest" tests="19" skipped="0" failures="0" errors="0" timestamp="2025-07-04T18:09:16" hostname="MacBookPro.attlocal.net" time="0.152">
  <properties/>
  <testcase name="testCreateWorkOrderRequestAssignedToCanBeSet()" classname="com.libre311.workorder.dto.DTOValidationTest" time="0.101"/>
  <testcase name="testUpdateWorkOrderRequestTitleCanBeEmpty()" classname="com.libre311.workorder.dto.DTOValidationTest" time="0.003"/>
  <testcase name="testUpdateWorkOrderRequestValid()" classname="com.libre311.workorder.dto.DTOValidationTest" time="0.003"/>
  <testcase name="testUpdateWorkOrderRequestPriorityCanBeNull()" classname="com.libre311.workorder.dto.DTOValidationTest" time="0.002"/>
  <testcase name="testUpdateWorkOrderRequestWithAllStatusValues()" classname="com.libre311.workorder.dto.DTOValidationTest" time="0.002"/>
  <testcase name="testUpdateWorkOrderRequestAllFieldsNull()" classname="com.libre311.workorder.dto.DTOValidationTest" time="0.002"/>
  <testcase name="testCreateWorkOrderRequestLibre311ServiceRequestIdNotBlank()" classname="com.libre311.workorder.dto.DTOValidationTest" time="0.008"/>
  <testcase name="testUpdateWorkOrderRequestAssignedToCanBeSet()" classname="com.libre311.workorder.dto.DTOValidationTest" time="0.002"/>
  <testcase name="testUpdateWorkOrderRequestTitleCanBeNull()" classname="com.libre311.workorder.dto.DTOValidationTest" time="0.002"/>
  <testcase name="testUpdateWorkOrderRequestStatusCanBeNull()" classname="com.libre311.workorder.dto.DTOValidationTest" time="0.002"/>
  <testcase name="testUpdateWorkOrderRequestDescriptionCanBeEmpty()" classname="com.libre311.workorder.dto.DTOValidationTest" time="0.002"/>
  <testcase name="testCreateWorkOrderRequestDescriptionCanBeNull()" classname="com.libre311.workorder.dto.DTOValidationTest" time="0.002"/>
  <testcase name="testCreateWorkOrderRequestAssignedToCanBeNull()" classname="com.libre311.workorder.dto.DTOValidationTest" time="0.002"/>
  <testcase name="testCreateWorkOrderRequestTitleNotBlank()" classname="com.libre311.workorder.dto.DTOValidationTest" time="0.003"/>
  <testcase name="testCreateWorkOrderRequestTitleNotNull()" classname="com.libre311.workorder.dto.DTOValidationTest" time="0.002"/>
  <testcase name="testUpdateWorkOrderRequestWithAllPriorityValues()" classname="com.libre311.workorder.dto.DTOValidationTest" time="0.002"/>
  <testcase name="testCreateWorkOrderRequestValid()" classname="com.libre311.workorder.dto.DTOValidationTest" time="0.002"/>
  <testcase name="testCreateWorkOrderRequestPriorityCanBeNull()" classname="com.libre311.workorder.dto.DTOValidationTest" time="0.002"/>
  <testcase name="testUpdateWorkOrderRequestAssignedToCanBeNull()" classname="com.libre311.workorder.dto.DTOValidationTest" time="0.004"/>
  <system-out><![CDATA[]]></system-out>
  <system-err><![CDATA[]]></system-err>
</testsuite>
